<?xml version="1.0" encoding="UTF-8"?>
<!-- Generated by org.testng.reporters.JUnitReportReporter -->
<testsuite skipped="0" hostname="DIKU-BLR-01" name="com.demo.test.TestAddToCartHighestAmountProd.TestAddCart" tests="1" failures="0" timestamp="02 Feb 2022 17:39:25 GMT" time="0.791" errors="0">
  <testcase name="addHighestAmountProduct" time="0.791" classname="com.demo.test.TestAddToCartHighestAmountProd.TestAddCart"/>
</testsuite> <!-- com.demo.test.TestAddToCartHighestAmountProd.TestAddCart -->
